<?xml version="1.0" encoding="UTF-8"?>
<testsuites name="jest tests" tests="6" failures="0" time="15.99">
  <testsuite name="第一个测试用例" errors="0" failures="0" skipped="0" timestamp="2020-08-10T15:30:39" time="8.416" tests="1">
    <testcase classname="第一个测试用例 111" name="第一个测试用例 111" time="0.004">
    </testcase>
  </testsuite>
  <testsuite name="classes" errors="0" failures="0" skipped="0" timestamp="2020-08-10T15:30:39" time="9.686" tests="3">
    <testcase classname="classes 接受 1个 参数" name="classes 接受 1个 参数" time="0.004">
    </testcase>
    <testcase classname="classes 接受 2个 参数" name="classes 接受 2个 参数" time="0.001">
    </testcase>
    <testcase classname="classes 接受 奇奇怪怪的 参数" name="classes 接受 奇奇怪怪的 参数" time="0">
    </testcase>
  </testsuite>
  <testsuite name="icon" errors="0" failures="0" skipped="0" timestamp="2020-08-10T15:30:38" time="10.179" tests="2">
    <testcase classname="icon render" name="icon render" time="0.013">
    </testcase>
    <testcase classname="icon onClick" name="icon onClick" time="0.043">
    </testcase>
  </testsuite>
</testsuites>